<?xml version="1.0" encoding="UTF-8"?>
<!-- Generated by org.testng.reporters.JUnitReportReporter -->
<testsuite hostname="gavantes-air.lan" failures="0" tests="1" name="BankingTests" time="7.405" errors="0" timestamp="2022-08-02T16:33:59 EDT" skipped="0">
  <testcase classname="BankingTests" name="canWithdrawlDollarsFromAccount" time="7.405"/>
  <system-out/>
</testsuite> <!-- BankingTests -->
