<?xml version="1.0" encoding="UTF-8"?>
<!-- Generated by org.testng.reporters.JUnitReportReporter -->
<testsuite hostname="gavantes-air.lan" failures="0" tests="1" name="BankingTests" time="7.467" errors="0" timestamp="2022-07-29T15:04:47 EDT" skipped="0">
  <testcase classname="BankingTests" name="canCreateNewCustomerAccount" time="7.467"/>
  <system-out/>
</testsuite> <!-- BankingTests -->
