<?xml version="1.0" encoding="UTF-8"?>
<!-- Generated by org.testng.reporters.JUnitReportReporter -->
<testsuite hostname="Gavantes-Air.attlocal.net" failures="0" tests="1" name="BankingTests" time="10.153" errors="0" timestamp="2022-07-27T13:55:08 EDT" skipped="0">
  <testcase classname="BankingTests" name="canReturnAllAccountBalances" time="10.153"/>
  <system-out/>
</testsuite> <!-- BankingTests -->
