<?xml version="1.0" encoding="UTF-8"?>
<!-- Generated by org.testng.reporters.JUnitReportReporter -->
<testsuite hostname="unknowna483e7b4b48d.attlocal.net" failures="0" tests="1" name="BankingTests" time="7.993" errors="0" timestamp="2022-07-28T15:38:09 EDT" skipped="0">
  <testcase classname="BankingTests" name="canCreateNewCustomerAccount" time="7.993"/>
  <system-out/>
</testsuite> <!-- BankingTests -->
