<?xml version="1.0" encoding="UTF-8"?>
<!-- Generated by org.testng.reporters.JUnitReportReporter -->
<testsuite hostname="gavantes-air.lan" failures="0" tests="1" name="BankingTests" time="4.824" errors="0" timestamp="2022-07-29T14:45:16 EDT" skipped="0">
  <testcase classname="BankingTests" name="canDeleteAccount" time="4.824"/>
  <system-out/>
</testsuite> <!-- BankingTests -->
