<?xml version="1.0" encoding="UTF-8"?>
<!-- Generated by org.testng.reporters.JUnitReportReporter -->
<testsuite hostname="Gavantes-Air.attlocal.net" failures="0" tests="1" name="BankingTests" time="10.347" errors="0" timestamp="2022-07-27T11:27:52 EDT" skipped="0">
  <testcase classname="BankingTests" name="canLogIntoCustomerAccount" time="10.347"/>
  <system-out/>
</testsuite> <!-- BankingTests -->
