<?xml version="1.0" encoding="UTF-8"?>
<!-- Generated by org.testng.reporters.JUnitReportReporter -->
<testsuite hostname="gavantes-air.lan" failures="0" tests="1" name="BankingTests" time="13.039" errors="0" timestamp="2022-08-02T16:17:56 EDT" skipped="0">
  <testcase classname="BankingTests" name="canDepositPoundsIntoAccount" time="13.039"/>
  <system-out/>
</testsuite> <!-- BankingTests -->
